{
  "stats": {
    "suites": 4,
    "tests": 11,
    "passes": 11,
    "pending": 0,
    "failures": 0,
    "start": "2022-02-07T03:20:44.383Z",
    "end": "2022-02-07T03:21:12.355Z",
    "duration": 27972,
    "testsRegistered": 11,
    "passPercent": 100,
    "pendingPercent": 0,
    "other": 0,
    "hasOther": false,
    "skipped": 0,
    "hasSkipped": false
  },
  "results": [
    {
      "uuid": "0c221fa8-a88d-4a7b-aeab-e03a5fea141c",
      "title": "",
      "fullFile": "cypress/tests/Test01.ts",
      "file": "cypress/tests/Test01.ts",
      "beforeHooks": [],
      "afterHooks": [],
      "tests": [],
      "suites": [
        {
          "uuid": "d62b04bb-457a-4fbc-a4a6-15f29068347b",
          "title": "Account Balance Check",
          "fullFile": "",
          "file": "",
          "beforeHooks": [],
          "afterHooks": [],
          "tests": [
            {
              "title": "Check Balance",
              "fullTitle": "Account Balance Check Check Balance",
              "timedOut": null,
              "duration": 13044,
              "state": "passed",
              "speed": "slow",
              "pass": true,
              "fail": false,
              "pending": false,
              "context": null,
              "code": "home.checkTheBalance(1000);",
              "err": {},
              "uuid": "ea2115e1-79e9-4192-9a6a-b70610a7e3d8",
              "parentUUID": "d62b04bb-457a-4fbc-a4a6-15f29068347b",
              "isHook": false,
              "skipped": false
            }
          ],
          "suites": [],
          "passes": [
            "ea2115e1-79e9-4192-9a6a-b70610a7e3d8"
          ],
          "failures": [],
          "pending": [],
          "skipped": [],
          "duration": 13044,
          "root": false,
          "rootEmpty": false,
          "_timeout": 2000
        },
        {
          "uuid": "7de9bd2c-cd13-4f81-a189-1b052ed7bdc4",
          "title": "My account User Settings",
          "fullFile": "",
          "file": "",
          "beforeHooks": [],
          "afterHooks": [],
          "tests": [
            {
              "title": "Click on My account",
              "fullTitle": "My account User Settings Click on My account",
              "timedOut": null,
              "duration": 5613,
              "state": "passed",
              "speed": "medium",
              "pass": true,
              "fail": false,
              "pending": false,
              "context": null,
              "code": "account.clickOnMyAccount();",
              "err": {},
              "uuid": "74318946-03ec-48fe-aa11-3b92bf538fa3",
              "parentUUID": "7de9bd2c-cd13-4f81-a189-1b052ed7bdc4",
              "isHook": false,
              "skipped": false
            },
            {
              "title": "Verify My account",
              "fullTitle": "My account User Settings Verify My account",
              "timedOut": null,
              "duration": 78,
              "state": "passed",
              "speed": "fast",
              "pass": true,
              "fail": false,
              "pending": false,
              "context": null,
              "code": "account.verifyTheUserSetting();",
              "err": {},
              "uuid": "fa0ff3b6-5aa4-4334-b933-3dd28c489263",
              "parentUUID": "7de9bd2c-cd13-4f81-a189-1b052ed7bdc4",
              "isHook": false,
              "skipped": false
            },
            {
              "title": "create users settings",
              "fullTitle": "My account User Settings create users settings",
              "timedOut": null,
              "duration": 2261,
              "state": "passed",
              "speed": "fast",
              "pass": true,
              "fail": false,
              "pending": false,
              "context": null,
              "code": "account.typeUserFirstName('Hamim');\naccount.typeUserLastName('Alam');\naccount.typeUserEmailAddress('dummy@email.com');\naccount.typeUserPhoneNumber('1234567890');",
              "err": {},
              "uuid": "bf0ae089-f1d2-4cc9-a835-e54e4cca5fb1",
              "parentUUID": "7de9bd2c-cd13-4f81-a189-1b052ed7bdc4",
              "isHook": false,
              "skipped": false
            }
          ],
          "suites": [],
          "passes": [
            "74318946-03ec-48fe-aa11-3b92bf538fa3",
            "fa0ff3b6-5aa4-4334-b933-3dd28c489263",
            "bf0ae089-f1d2-4cc9-a835-e54e4cca5fb1"
          ],
          "failures": [],
          "pending": [],
          "skipped": [],
          "duration": 7952,
          "root": false,
          "rootEmpty": false,
          "_timeout": 2000
        },
        {
          "uuid": "cee80db8-bf42-4ae1-bd4f-7c7901eb193b",
          "title": "Send Money",
          "fullFile": "",
          "file": "",
          "beforeHooks": [],
          "afterHooks": [],
          "tests": [
            {
              "title": "click new",
              "fullTitle": "Send Money click new",
              "timedOut": null,
              "duration": 2754,
              "state": "passed",
              "speed": "fast",
              "pass": true,
              "fail": false,
              "pending": false,
              "context": null,
              "code": "pay.clickNew();",
              "err": {},
              "uuid": "2da2f760-56d1-4bde-8bc8-9099ac1cc2e2",
              "parentUUID": "cee80db8-bf42-4ae1-bd4f-7c7901eb193b",
              "isHook": false,
              "skipped": false
            },
            {
              "title": "Select user",
              "fullTitle": "Send Money Select user",
              "timedOut": null,
              "duration": 297,
              "state": "passed",
              "speed": "fast",
              "pass": true,
              "fail": false,
              "pending": false,
              "context": null,
              "code": "pay.selectUser();",
              "err": {},
              "uuid": "fe35524f-4bbf-41ca-a457-9b95bb200ef4",
              "parentUUID": "cee80db8-bf42-4ae1-bd4f-7c7901eb193b",
              "isHook": false,
              "skipped": false
            },
            {
              "title": "Enter the ammount and add note",
              "fullTitle": "Send Money Enter the ammount and add note",
              "timedOut": null,
              "duration": 612,
              "state": "passed",
              "speed": "fast",
              "pass": true,
              "fail": false,
              "pending": false,
              "context": null,
              "code": "pay.enterAmmout('1000');\npay.addNote('rent');",
              "err": {},
              "uuid": "92a1f3b4-62de-41c1-b85d-ac9e37ea007a",
              "parentUUID": "cee80db8-bf42-4ae1-bd4f-7c7901eb193b",
              "isHook": false,
              "skipped": false
            },
            {
              "title": "Check pay visibility",
              "fullTitle": "Send Money Check pay visibility",
              "timedOut": null,
              "duration": 36,
              "state": "passed",
              "speed": "fast",
              "pass": true,
              "fail": false,
              "pending": false,
              "context": null,
              "code": "pay.verifyPayMoneyVisibility();",
              "err": {},
              "uuid": "3b13e634-4de2-4828-9733-2b0662248f3d",
              "parentUUID": "cee80db8-bf42-4ae1-bd4f-7c7901eb193b",
              "isHook": false,
              "skipped": false
            },
            {
              "title": "Check is the request visible",
              "fullTitle": "Send Money Check is the request visible",
              "timedOut": null,
              "duration": 30,
              "state": "passed",
              "speed": "fast",
              "pass": true,
              "fail": false,
              "pending": false,
              "context": null,
              "code": "pay.verifyRequestVisibility();",
              "err": {},
              "uuid": "f11af52e-8d19-4f1f-82c2-53196d564b44",
              "parentUUID": "cee80db8-bf42-4ae1-bd4f-7c7901eb193b",
              "isHook": false,
              "skipped": false
            }
          ],
          "suites": [],
          "passes": [
            "2da2f760-56d1-4bde-8bc8-9099ac1cc2e2",
            "fe35524f-4bbf-41ca-a457-9b95bb200ef4",
            "92a1f3b4-62de-41c1-b85d-ac9e37ea007a",
            "3b13e634-4de2-4828-9733-2b0662248f3d",
            "f11af52e-8d19-4f1f-82c2-53196d564b44"
          ],
          "failures": [],
          "pending": [],
          "skipped": [],
          "duration": 3729,
          "root": false,
          "rootEmpty": false,
          "_timeout": 2000
        },
        {
          "uuid": "63961b51-f5f9-4f32-b913-a9b0508c14d3",
          "title": "Comment on user status",
          "fullFile": "",
          "file": "",
          "beforeHooks": [],
          "afterHooks": [],
          "tests": [
            {
              "title": "click on user",
              "fullTitle": "Comment on user status click on user",
              "timedOut": null,
              "duration": 2378,
              "state": "passed",
              "speed": "fast",
              "pass": true,
              "fail": false,
              "pending": false,
              "context": null,
              "code": "user.clickOnUser();",
              "err": {},
              "uuid": "b1946005-aa31-4de4-9ef1-09d25f3a08ce",
              "parentUUID": "63961b51-f5f9-4f32-b913-a9b0508c14d3",
              "isHook": false,
              "skipped": false
            },
            {
              "title": "type on comment box",
              "fullTitle": "Comment on user status type on comment box",
              "timedOut": null,
              "duration": 713,
              "state": "passed",
              "speed": "fast",
              "pass": true,
              "fail": false,
              "pending": false,
              "context": null,
              "code": "user.typeComment();",
              "err": {},
              "uuid": "f5f1cbe9-27ea-4285-ad2d-4484f19b636c",
              "parentUUID": "63961b51-f5f9-4f32-b913-a9b0508c14d3",
              "isHook": false,
              "skipped": false
            }
          ],
          "suites": [],
          "passes": [
            "b1946005-aa31-4de4-9ef1-09d25f3a08ce",
            "f5f1cbe9-27ea-4285-ad2d-4484f19b636c"
          ],
          "failures": [],
          "pending": [],
          "skipped": [],
          "duration": 3091,
          "root": false,
          "rootEmpty": false,
          "_timeout": 2000
        }
      ],
      "passes": [],
      "failures": [],
      "pending": [],
      "skipped": [],
      "duration": 0,
      "root": true,
      "rootEmpty": true,
      "_timeout": 2000
    }
  ],
  "meta": {
    "mocha": {
      "version": "7.0.1"
    },
    "mochawesome": {
      "options": {
        "quiet": false,
        "reportFilename": "mochawesome",
        "saveHtml": true,
        "saveJson": true,
        "consoleReporter": "spec",
        "useInlineDiffs": false,
        "code": true
      },
      "version": "7.0.1"
    },
    "marge": {
      "options": {
        "overwrite": true,
        "html": true,
        "json": true
      },
      "version": "6.0.1"
    }
  }
}